make: Entering directory '/home/runner/work/Kernel-Xiaomi-Umi-6.2/Kernel-Xiaomi-Umi-6.2/target'
make[1]: Entering directory '/home/runner/work/Kernel-Xiaomi-Umi-6.2/Kernel-Xiaomi-Umi-6.2/out'
  GEN     Makefile
  HOSTCC  scripts/basic/fixdep
  HOSTCC  scripts/kconfig/conf.o
  HOSTCC  scripts/kconfig/confdata.o
  HOSTCC  scripts/kconfig/expr.o
  LEX     scripts/kconfig/lexer.lex.c
  YACC    scripts/kconfig/parser.tab.[ch]
  HOSTCC  scripts/kconfig/lexer.lex.o
  HOSTCC  scripts/kconfig/menu.o
  HOSTCC  scripts/kconfig/parser.tab.o
  HOSTCC  scripts/kconfig/preprocess.o
  HOSTCC  scripts/kconfig/symbol.o
  HOSTCC  scripts/kconfig/util.o
  HOSTLD  scripts/kconfig/conf
#
# configuration written to .config
#
make[1]: Leaving directory '/home/runner/work/Kernel-Xiaomi-Umi-6.2/Kernel-Xiaomi-Umi-6.2/out'
make: Leaving directory '/home/runner/work/Kernel-Xiaomi-Umi-6.2/Kernel-Xiaomi-Umi-6.2/target'
