make: Entering directory '/home/runner/work/Kernel-Xiaomi-Umi-6.2/Kernel-Xiaomi-Umi-6.2/target'
make[1]: Entering directory '/home/runner/work/Kernel-Xiaomi-Umi-6.2/Kernel-Xiaomi-Umi-6.2/out'
  GEN     Makefile
  WRAP    arch/arm64/include/generated/uapi/asm/kvm_para.h
  WRAP    arch/arm64/include/generated/uapi/asm/errno.h
  WRAP    arch/arm64/include/generated/uapi/asm/ioctl.h
  WRAP    arch/arm64/include/generated/uapi/asm/ioctls.h
  WRAP    arch/arm64/include/generated/uapi/asm/ipcbuf.h
  WRAP    arch/arm64/include/generated/uapi/asm/msgbuf.h
  WRAP    arch/arm64/include/generated/uapi/asm/poll.h
  WRAP    arch/arm64/include/generated/uapi/asm/resource.h
  UPD     include/generated/uapi/linux/version.h
  WRAP    arch/arm64/include/generated/uapi/asm/sembuf.h
  WRAP    arch/arm64/include/generated/uapi/asm/shmbuf.h
  WRAP    arch/arm64/include/generated/uapi/asm/siginfo.h
  WRAP    arch/arm64/include/generated/uapi/asm/socket.h
  WRAP    arch/arm64/include/generated/uapi/asm/sockios.h
  WRAP    arch/arm64/include/generated/uapi/asm/stat.h
  WRAP    arch/arm64/include/generated/uapi/asm/swab.h
  WRAP    arch/arm64/include/generated/uapi/asm/termbits.h
  WRAP    arch/arm64/include/generated/uapi/asm/termios.h
  HOSTCC  scripts/dtc/dtc.o
  WRAP    arch/arm64/include/generated/uapi/asm/types.h
  SYSHDR  arch/arm64/include/generated/uapi/asm/unistd_64.h
  UPD     include/generated/compile.h
  HOSTCC  scripts/dtc/flattree.o
  WRAP    arch/arm64/include/generated/asm/early_ioremap.h
  WRAP    arch/arm64/include/generated/asm/mcs_spinlock.h
  WRAP    arch/arm64/include/generated/asm/mmzone.h
  WRAP    arch/arm64/include/generated/asm/qrwlock.h
  WRAP    arch/arm64/include/generated/asm/qspinlock.h
  WRAP    arch/arm64/include/generated/asm/parport.h
  WRAP    arch/arm64/include/generated/asm/user.h
  WRAP    arch/arm64/include/generated/asm/cfi.h
  WRAP    arch/arm64/include/generated/asm/delay.h
  WRAP    arch/arm64/include/generated/asm/div64.h
  WRAP    arch/arm64/include/generated/asm/dma-mapping.h
  WRAP    arch/arm64/include/generated/asm/dma.h
  WRAP    arch/arm64/include/generated/asm/emergency-restart.h
  WRAP    arch/arm64/include/generated/asm/hw_irq.h
  WRAP    arch/arm64/include/generated/asm/irq_regs.h
  WRAP    arch/arm64/include/generated/asm/kdebug.h
  WRAP    arch/arm64/include/generated/asm/kmap_size.h
  WRAP    arch/arm64/include/generated/asm/local.h
  WRAP    arch/arm64/include/generated/asm/local64.h
  WRAP    arch/arm64/include/generated/asm/mmiowb.h
  WRAP    arch/arm64/include/generated/asm/msi.h
  WRAP    arch/arm64/include/generated/asm/serial.h
  WRAP    arch/arm64/include/generated/asm/softirq_stack.h
  WRAP    arch/arm64/include/generated/asm/switch_to.h
  WRAP    arch/arm64/include/generated/asm/trace_clock.h
  WRAP    arch/arm64/include/generated/asm/unaligned.h
  WRAP    arch/arm64/include/generated/asm/vga.h
  WRAP    arch/arm64/include/generated/asm/video.h
  SYSTBL  arch/arm64/include/generated/asm/syscall_table_32.h
  SYSTBL  arch/arm64/include/generated/asm/syscall_table_64.h
  SYSHDR  arch/arm64/include/generated/asm/unistd_32.h
  SYSHDR  arch/arm64/include/generated/asm/unistd_compat_32.h
  HOSTCC  scripts/dtc/fstree.o
  HOSTCC  scripts/dtc/data.o
  HOSTCC  scripts/dtc/livetree.o
  HOSTCC  scripts/dtc/treesource.o
  HOSTCC  scripts/dtc/srcpos.o
  HOSTCC  scripts/dtc/checks.o
  HOSTCC  scripts/dtc/util.o
  LEX     scripts/dtc/dtc-lexer.lex.c
  YACC    scripts/dtc/dtc-parser.tab.[ch]
  HOSTCC  scripts/dtc/libfdt/fdt.o
  HOSTCC  scripts/dtc/libfdt/fdt_ro.o
  HOSTCC  scripts/dtc/libfdt/fdt_wip.o
  UPD     include/config/kernel.release
  UPD     include/generated/utsrelease.h
  HOSTCC  scripts/dtc/libfdt/fdt_sw.o
  HOSTCC  scripts/dtc/libfdt/fdt_rw.o
  HOSTCC  scripts/dtc/libfdt/fdt_strerror.o
  HOSTCC  scripts/dtc/libfdt/fdt_empty_tree.o
  HOSTCC  scripts/dtc/libfdt/fdt_addresses.o
  HOSTCC  scripts/dtc/libfdt/fdt_overlay.o
  HOSTCC  scripts/dtc/fdtoverlay.o
  HOSTCC  scripts/dtc/dtc-lexer.lex.o
  HOSTCC  scripts/dtc/dtc-parser.tab.o
  HOSTLD  scripts/dtc/fdtoverlay
  HOSTLD  scripts/dtc/dtc
  HOSTCC  scripts/kallsyms
  HOSTCC  scripts/sorttable
  HOSTCC  scripts/genksyms/genksyms.o
  HOSTCC  scripts/selinux/genheaders/genheaders
  HOSTCC  scripts/selinux/mdp/mdp
  YACC    scripts/genksyms/parse.tab.[ch]
  LEX     scripts/genksyms/lex.lex.c
  HOSTCC  scripts/asn1_compiler
  HOSTCC  scripts/sign-file
  HOSTCC  scripts/genksyms/parse.tab.o
  HOSTCC  scripts/genksyms/lex.lex.o
  HOSTLD  scripts/genksyms/genksyms
  GEN     arch/arm64/include/generated/asm/cpucap-defs.h
  GEN     arch/arm64/include/generated/asm/sysreg-defs.h
  CC      scripts/mod/empty.o
  HOSTCC  scripts/mod/mk_elfconfig
  CC      scripts/mod/devicetable-offsets.s
  MKELF   scripts/mod/elfconfig.h
  HOSTCC  scripts/mod/modpost.o
  HOSTCC  scripts/mod/sumversion.o
  HOSTCC  scripts/mod/symsearch.o
  UPD     scripts/mod/devicetable-offsets.h
  HOSTCC  scripts/mod/file2alias.o
  HOSTLD  scripts/mod/modpost
  CC      kernel/bounds.s
  CHKSHA1 /home/runner/work/Kernel-Xiaomi-Umi-6.2/Kernel-Xiaomi-Umi-6.2/target/include/linux/atomic/atomic-arch-fallback.h
  CHKSHA1 /home/runner/work/Kernel-Xiaomi-Umi-6.2/Kernel-Xiaomi-Umi-6.2/target/include/linux/atomic/atomic-instrumented.h
  UPD     include/generated/timeconst.h
  CHKSHA1 /home/runner/work/Kernel-Xiaomi-Umi-6.2/Kernel-Xiaomi-Umi-6.2/target/include/linux/atomic/atomic-long.h
  UPD     include/generated/bounds.h
  CC      arch/arm64/kernel/asm-offsets.s
  UPD     include/generated/asm-offsets.h
  CALL    /home/runner/work/Kernel-Xiaomi-Umi-6.2/Kernel-Xiaomi-Umi-6.2/target/scripts/checksyscalls.sh
  LDS     arch/arm64/kernel/vdso/vdso.lds
  CC      arch/arm64/kernel/vdso/vgettimeofday.o
  AS      arch/arm64/kernel/vdso/note.o
  AS      arch/arm64/kernel/vdso/sigreturn.o
  CC      arch/arm64/kernel/vdso/vgetrandom.o
  AS      arch/arm64/kernel/vdso/vgetrandom-chacha.o
  LD      arch/arm64/kernel/vdso/vdso.so.dbg
  VDSOSYM include/generated/vdso-offsets.h
  OBJCOPY arch/arm64/kernel/vdso/vdso.so
  LDS     arch/arm64/kernel/vdso32/vdso.lds
  CC32    arch/arm64/kernel/vdso32/note.o
  CC32    arch/arm64/kernel/vdso32/vgettimeofday.o
  HOSTCC  arch/arm64/kernel/vdso32/../../../arm/vdso/vdsomunge
  LD32    arch/arm64/kernel/vdso32/vdso.so.raw
  MUNGE   arch/arm64/kernel/vdso32/vdso32.so.dbg
  OBJCOPY arch/arm64/kernel/vdso32/vdso.so
  LDS     scripts/module.lds
  HOSTCC  usr/gen_init_cpio
  CC      init/main.o
  CC      arch/arm64/mm/dma-mapping.o
  CC      arch/arm64/kernel/pi/idreg-override.o
  GEN     usr/initramfs_data.cpio
  COPY    usr/initramfs_inc_data
  AS      usr/initramfs_data.o
  AR      usr/built-in.a
  CC      arch/arm64/net/bpf_jit_comp.o
  CC      arch/arm64/mm/extable.o
  CC      arch/arm64/kernel/pi/map_kernel.o
  CC      arch/arm64/mm/fault.o
  CC      arch/arm64/kernel/pi/map_range.o
  UPD     init/utsversion-tmp.h
  CC      init/do_mounts.o
  AR      arch/arm64/net/built-in.a
  AR      arch/arm64/kernel/probes/built-in.a
  CC      kernel/sched/core.o
  CC      arch/arm64/mm/init.o
  CC      arch/arm64/kernel/pi/lib-fdt.o
  CC      arch/arm64/kernel/pi/lib-fdt_ro.o
  CC      arch/arm64/kernel/pi/relocate.o
  CC      init/do_mounts_rd.o
  CC      arch/arm64/kernel/pi/kaslr_early.o
  HOSTCC  arch/arm64/kernel/pi/relacheck
  OBJCOPY arch/arm64/kernel/pi/idreg-override.pi.o
  AS      arch/arm64/mm/cache.o
  OBJCOPY arch/arm64/kernel/pi/map_kernel.pi.o
  OBJCOPY arch/arm64/kernel/pi/map_range.pi.o
  OBJCOPY arch/arm64/kernel/pi/lib-fdt.pi.o
  OBJCOPY arch/arm64/kernel/pi/lib-fdt_ro.pi.o
  OBJCOPY arch/arm64/kernel/pi/relocate.pi.o
  OBJCOPY arch/arm64/kernel/pi/kaslr_early.pi.o
  CC      arch/arm64/mm/copypage.o
  AR      arch/arm64/kernel/pi/built-in.a
  LDS     arch/arm64/kernel/vmlinux.lds
  CC      arch/arm64/kernel/debug-monitors.o
  CC      init/do_mounts_initrd.o
  CC      kernel/sched/fair.o
  AS      arch/arm64/kernel/entry.o
  CC      init/initramfs.o
  CC      arch/arm64/mm/flush.o
  CC      arch/arm64/kernel/irq.o
  CC      arch/arm64/kernel/fpsimd.o
  CC      arch/arm64/mm/ioremap.o
  CC      init/calibrate.o
  CC      init/init_task.o
  CC      kernel/sched/build_policy.o
  CC      arch/arm64/kernel/entry-common.o
  CC      arch/arm64/mm/mmap.o
  CC      init/version.o
  AS      arch/arm64/kernel/entry-fpsimd.o
  CC      arch/arm64/kernel/process.o
  CC      arch/arm64/mm/pgd.o
  AR      init/built-in.a
  CC      arch/arm64/crypto/sha1-ce-glue.o
  AS      arch/arm64/crypto/sha1-ce-core.o
  CC      arch/arm64/crypto/sha2-ce-glue.o
  CC      arch/arm64/mm/mem_encrypt.o
  AS      arch/arm64/crypto/sha2-ce-core.o
  CC      arch/arm64/kernel/ptrace.o
  CC      arch/arm64/crypto/ghash-ce-glue.o
  CC      kernel/sched/build_utility.o
  CC      arch/arm64/mm/mmu.o
  AS      arch/arm64/crypto/ghash-ce-core.o
  AS      arch/arm64/crypto/aes-ce-core.o
  CC      arch/arm64/crypto/aes-ce-glue.o
  CC      arch/arm64/kernel/setup.o
  CC      arch/arm64/mm/context.o
  CC      arch/arm64/crypto/aes-ce-ccm-glue.o
  CC      arch/arm64/kernel/signal.o
  AS      arch/arm64/crypto/aes-ce-ccm-core.o
  AR      kernel/sched/built-in.a
  CC      kernel/locking/mutex.o
  CC      arch/arm64/crypto/aes-glue-ce.o
  AS      arch/arm64/mm/proc.o
  CC      arch/arm64/mm/pageattr.o
  CC      arch/arm64/kernel/sys.o
  CC      arch/arm64/mm/fixmap.o
  CC      kernel/locking/semaphore.o
  AS      arch/arm64/crypto/aes-ce.o
  CC      arch/arm64/crypto/aes-glue-neon.o
  CC      arch/arm64/kernel/stacktrace.o
  CC      arch/arm64/mm/mteswap.o
  CC      kernel/locking/rwsem.o
  AS      arch/arm64/crypto/aes-neon.o
  AR      arch/arm64/mm/built-in.a
  CC      arch/arm64/crypto/sha256-glue.o
  CC      certs/system_keyring.o
  CC      arch/arm64/kernel/time.o
  CC      kernel/locking/percpu-rwsem.o
  HOSTCC  certs/extract-cert
  COPY    certs/x509.genkey
  CERT    certs/x509_certificate_list
  GENKEY  certs/signing_key.pem
....+...+..............+......+.+........+......+.+.....+.............+...+..+..........+..+...+.+..+...+.+......+........+.+++++++++++++++++++++++++++++++++++++++++++++++++++++++++++++++++*...+.........+.......+...+..+.........+......+...............+.+..+...+.......+++++++++++++++++++++++++++++++++++++++++++++++++++++++++++++++++*...+....+...+.....+++++++++++++++++++++++  PERLASM arch/arm64/crypto/sha256-core.S
++++++++++  AS      arch/arm64/crypto/chacha-neon-core.o
++++++++++++++++++++++++++++++++
...+........+.+......+......+..+..........+++++++++++++++++++++++++++++++++++++++++++++++++++++++++++++++++*....+......+......+......+.........+.........+..+...+....+.....+.....................+......+.+.....+....+.....+....+..+...+.+...+++++++++++++++++++++++++++++++++++++++++++++++++++++++++++++++++*..+...+...+..+...+....+......+..+.......+  CC      arch/arm64/crypto/chacha-neon-glue.o
..+.........+.+..............+.+...  CC      arch/arm64/kernel/traps.o
......+.................+.........+.............+...+............+..+...+.......+.........+............+...+..+...+.+...+..+...............+...+++++++++++++++++++++++++++++++++++++++++++++++  CC      kernel/locking/spinlock.o
++++++++++++++++++
-----
  CERT    certs/signing_key.x509
  AS      certs/system_certificates.o
  AR      certs/built-in.a
  CC      kernel/power/qos.o
  PERLASM arch/arm64/crypto/poly1305-core.S
  CC      arch/arm64/crypto/poly1305-glue.o
  CC      arch/arm64/kernel/io.o
  CC      kernel/locking/osq_lock.o
  CC      kernel/locking/qspinlock.o
  AS      arch/arm64/crypto/sha256-core.o
  CC      kernel/power/main.o
  AS      arch/arm64/crypto/poly1305-core.o
  CC      arch/arm64/kernel/vdso.o
  AR      arch/arm64/crypto/built-in.a
  CC      mm/filemap.o
  CC      kernel/locking/rtmutex_api.o
  AS      arch/arm64/kernel/hyp-stub.o
  CC      arch/arm64/kernel/psci.o
  CC      kernel/power/console.o
  CC      kernel/locking/qrwlock.o
  CC      arch/arm64/kernel/cpu_ops.o
  CC      mm/mempool.o
  CC      arch/arm64/kernel/return_address.o
  CC      kernel/power/process.o
  AR      kernel/locking/built-in.a
  CC      fs/notify/dnotify/dnotify.o
  CC      arch/arm64/kernel/cpuinfo.o
  CC      mm/oom_kill.o
  CC      kernel/power/suspend.o
  AR      fs/notify/dnotify/built-in.a
  CC      fs/notify/inotify/inotify_fsnotify.o
  CC      arch/arm64/kernel/cpu_errata.o
  CC      fs/notify/inotify/inotify_user.o
  CC      arch/arm64/kernel/cpufeature.o
  CC      kernel/power/wakelock.o
  AR      fs/notify/inotify/built-in.a
  AR      fs/notify/fanotify/built-in.a
  CC      fs/notify/fsnotify.o
  CC      mm/fadvise.o
  CC      kernel/power/poweroff.o
  CC      kernel/power/energy_model.o
  CC      fs/notify/notification.o
  CC      mm/maccess.o
  CC      arch/arm64/kernel/alternative.o
  AR      kernel/power/built-in.a
  CC      kernel/printk/printk.o
  CC      fs/notify/group.o
  CC      mm/page-writeback.o
  CC      arch/arm64/kernel/cacheinfo.o
  CC      fs/notify/mark.o
  CC      arch/arm64/kernel/smp.o
  CC      kernel/printk/printk_safe.o
  CC      mm/folio-compat.o
  CC      arch/arm64/kernel/smp_spin_table.o
  CC      fs/notify/fdinfo.o
  CC      kernel/printk/nbcon.o
  CC      arch/arm64/kernel/topology.o
  AR      fs/notify/built-in.a
  CC      fs/crypto/crypto.o
  CC      mm/readahead.o
  CC      kernel/printk/printk_ringbuffer.o
  AS      arch/arm64/kernel/smccc-call.o
  CC      kernel/printk/sysctl.o
  CC      arch/arm64/kernel/syscall.o
  CC      fs/crypto/fname.o
  AR      kernel/printk/built-in.a
  CC      kernel/irq/irqdesc.o
  CC      mm/swap.o
  CC      arch/arm64/kernel/proton-pack.o
  CC      kernel/irq/handle.o
  CC      fs/crypto/hkdf.o
  CC      arch/arm64/kernel/idle.o
  CC      mm/truncate.o
  CC      fs/crypto/hooks.o
  CC      arch/arm64/kernel/patching.o
  CC      kernel/irq/manage.o
  CC      arch/arm64/kernel/sys32.o
  CC      fs/crypto/keyring.o
  CC      mm/vmscan.o
  CC      kernel/irq/spurious.o
  CC      arch/arm64/kernel/signal32.o
  CC      kernel/irq/resend.o
  CC      fs/crypto/keysetup.o
  CC      arch/arm64/kernel/sys_compat.o
  CC      kernel/irq/chip.o
  CC      mm/shrinker.o
  CC      fs/crypto/keysetup_v1.o
  AS      arch/arm64/kernel/sigreturn32.o
  AS      arch/arm64/kernel/kuser32.o
  CC      arch/arm64/kernel/module.o
  CC      kernel/irq/dummychip.o
  CC      fs/crypto/policy.o
  CC      arch/arm64/kernel/module-plts.o
  CC      mm/shmem.o
  CC      kernel/irq/devres.o
  CC      arch/arm64/kernel/perf_regs.o
  CC      fs/crypto/bio.o
  CC      kernel/irq/autoprobe.o
  CC      arch/arm64/kernel/perf_callchain.o
  CC      mm/util.o
  CC      arch/arm64/kernel/hw_breakpoint.o
  CC      fs/crypto/inline_crypt.o
  CC      kernel/irq/irqdomain.o
  AS      arch/arm64/kernel/sleep.o
  CC      mm/mmzone.o
  CC      arch/arm64/kernel/suspend.o
  AR      fs/crypto/built-in.a
  CC      fs/verity/enable.o
  CC      kernel/irq/proc.o
  CC      mm/vmstat.o
  CC      arch/arm64/kernel/jump_label.o
  CC      arch/arm64/kernel/pci.o
  CC      kernel/irq/cpuhotplug.o
  CC      fs/verity/hash_algs.o
  CC      arch/arm64/kernel/armv8_deprecated.o
  CC      kernel/irq/pm.o
  CC      fs/verity/init.o
  CC      mm/backing-dev.o
  CC      arch/arm64/kernel/kaslr.o
  CC      fs/verity/measure.o
  CC      arch/arm64/kernel/elfcore.o
  CC      kernel/irq/msi.o
  CC      arch/arm64/kernel/pointer_auth.o
  CC      mm/mm_init.o
  CC      fs/verity/open.o
  CC      arch/arm64/kernel/mte.o
  CC      kernel/irq/ipi.o
  CC      kernel/irq/affinity.o
  CC      fs/verity/read_metadata.o
  AS      arch/arm64/kernel/vdso-wrap.o
  AS      arch/arm64/kernel/vdso32-wrap.o
  CC      mm/percpu.o
  AS      arch/arm64/kernel/head.o
  AR      arch/arm64/kernel/built-in.a
  AR      arch/arm64/built-in.a
  CC      fs/verity/verify.o
  AR      kernel/irq/built-in.a
  CC      kernel/rcu/update.o
  CC      fs/iomap/trace.o
  CC      fs/verity/signature.o
  CC      fs/iomap/iter.o
  CC      mm/slab_common.o
  CC      kernel/rcu/sync.o
  AR      fs/verity/built-in.a
  AR      ipc/built-in.a
  AR      kernel/livepatch/built-in.a
  CC      fs/quota/dquot.o
  CC      kernel/rcu/srcutree.o
  CC      fs/iomap/buffered-io.o
  CC      mm/compaction.o
  CC      kernel/rcu/tree.o
  CC      fs/quota/quota_v2.o
  CC      fs/iomap/direct-io.o
  CC      fs/quota/quota_tree.o
  CC      mm/show_mem.o
  CC      fs/iomap/fiemap.o
  CC      fs/quota/quota.o
  CC      mm/interval_tree.o
  CC      kernel/rcu/rcu_segcblist.o
  CC      fs/iomap/seek.o
  CC      fs/quota/kqid.o
  AR      kernel/rcu/built-in.a
  CC      kernel/dma/mapping.o
  CC      mm/list_lru.o
  CC      fs/quota/netlink.o
  CC      fs/iomap/swapfile.o
  CC      kernel/dma/direct.o
  CC      mm/workingset.o
  AR      fs/quota/built-in.a
  CC      security/keys/gc.o
  AR      fs/iomap/built-in.a
  CC      fs/proc/task_mmu.o
  CC      kernel/dma/ops_helpers.o
  CC      mm/debug.o
  CC      security/keys/key.o
  CC      kernel/dma/contiguous.o
  CC      fs/proc/inode.o
  CC      kernel/dma/coherent.o
  CC      mm/gup.o
  CC      security/keys/keyring.o
  CC      fs/proc/root.o
  CC      kernel/dma/swiotlb.o
  CC      fs/proc/base.o
  CC      kernel/dma/pool.o
  CC      security/keys/keyctl.o
  CC      mm/mmap_lock.o
  CC      kernel/dma/remap.o
  CC      fs/proc/generic.o
  CC      mm/highmem.o
  CC      security/keys/permission.o
  AR      kernel/dma/built-in.a
  AR      kernel/entry/built-in.a
  CC      kernel/module/main.o
  CC      fs/proc/array.o
  CC      mm/memory.o
  CC      security/keys/process_keys.o
  CC      fs/proc/fd.o
  CC      kernel/module/strict_rwx.o
  CC      fs/proc/proc_tty.o
  CC      security/keys/request_key.o
  CC      kernel/module/kmod.o
  CC      fs/proc/cmdline.o
  CC      mm/mincore.o
  CC      security/keys/request_key_auth.o
  CC      fs/proc/consoles.o
  CC      kernel/module/signing.o
  CC      fs/proc/cpuinfo.o
  CC      security/keys/user_defined.o
  CC      mm/mlock.o
  CC      fs/proc/devices.o
  CC      kernel/module/tree_lookup.o
  CC      security/keys/compat.o
  CC      fs/proc/interrupts.o
  CC      kernel/module/kallsyms.o
  CC      mm/mmap.o
  CC      security/keys/proc.o
  CC      fs/proc/loadavg.o
  CC      kernel/module/procfs.o
  CC      security/keys/sysctl.o
  CC      fs/proc/meminfo.o
  CC      kernel/module/sysfs.o
  CC      security/keys/keyctl_pkey.o
  CC      mm/mmu_gather.o
  CC      fs/proc/stat.o
  CC      kernel/module/version.o
  AR      security/keys/built-in.a
  GEN     security/selinux/flask.h security/selinux/av_permissions.h
  CC      security/selinux/avc.o
  CC      fs/proc/uptime.o
  CC      mm/mprotect.o
  AR      kernel/module/built-in.a
  CC      kernel/time/time.o
  CC      fs/proc/util.o
  CC      security/selinux/hooks.o
  CC      fs/proc/version.o
  CC      mm/mremap.o
  CC      kernel/time/timer.o
  CC      fs/proc/softirqs.o
  CC      mm/msync.o
  CC      fs/proc/namespaces.o
  CC      kernel/time/hrtimer.o
  CC      mm/page_vma_mapped.o
  CC      security/selinux/selinuxfs.o
  CC      fs/proc/self.o
  CC      fs/proc/thread_self.o
  CC      mm/pagewalk.o
  CC      fs/proc/proc_sysctl.o
  CC      kernel/time/timekeeping.o
  CC      security/selinux/netlink.o
  CC      mm/pgtable-generic.o
  CC      security/selinux/nlmsgtab.o
  CC      mm/rmap.o
  CC      kernel/time/ntp.o
  CC      fs/proc/proc_net.o
  CC      security/selinux/netif.o
  CC      kernel/time/clocksource.o
  CC      mm/vmalloc.o
  CC      fs/proc/kmsg.o
  CC      security/selinux/netnode.o
  CC      kernel/time/jiffies.o
  CC      fs/proc/page.o
  CC      kernel/time/timer_list.o
  CC      security/selinux/netport.o
  AR      fs/proc/built-in.a
  CC      fs/kernfs/mount.o
  CC      kernel/time/timeconv.o
  CC      mm/vma.o
  CC      fs/kernfs/inode.o
  CC      security/selinux/status.o
  CC      kernel/time/timecounter.o
  CC      kernel/time/alarmtimer.o
  CC      fs/kernfs/dir.o
  CC      mm/process_vm_access.o
  CC      security/selinux/ss/ebitmap.o
  CC      kernel/time/posix-timers.o
  CC      mm/mseal.o
  CC      fs/kernfs/file.o
  CC      security/selinux/ss/hashtab.o
  CC      kernel/time/posix-cpu-timers.o
  CC      mm/page_alloc.o
  CC      security/selinux/ss/symtab.o
  CC      security/selinux/ss/sidtab.o
  CC      fs/kernfs/symlink.o
  CC      kernel/time/posix-clock.o
  CC      security/selinux/ss/avtab.o
  AR      fs/kernfs/built-in.a
  CC      fs/sysfs/file.o
  CC      kernel/time/itimer.o
  CC      mm/init-mm.o
  CC      security/selinux/ss/policydb.o
  CC      fs/sysfs/dir.o
  CC      mm/memblock.o
  CC      kernel/time/clockevents.o
  CC      fs/sysfs/symlink.o
  CC      kernel/time/tick-common.o
  CC      security/selinux/ss/services.o
  CC      mm/slub.o
  CC      fs/sysfs/mount.o
  CC      fs/sysfs/group.o
  CC      kernel/time/tick-broadcast.o
  CC      security/selinux/ss/conditional.o
  AR      fs/sysfs/built-in.a
  CC      fs/configfs/inode.o
  CC      kernel/time/tick-broadcast-hrtimer.o
  CC      mm/madvise.o
  CC      security/selinux/ss/mls.o
  CC      fs/configfs/file.o
  CC      kernel/time/sched_clock.o
  CC      fs/configfs/dir.o
  CC      kernel/time/tick-oneshot.o
  CC      mm/page_io.o
  CC      security/selinux/ss/context.o
  CC      kernel/time/tick-sched.o
  CC      mm/swap_state.o
  CC      fs/configfs/symlink.o
  AR      security/selinux/built-in.a
  CC      security/integrity/iint.o
  CC      fs/configfs/mount.o
  CC      kernel/time/timer_migration.o
  CC      mm/swapfile.o
  CC      security/integrity/integrity_audit.o
  CC      fs/configfs/item.o
  CC      kernel/time/vsyscall.o
  AR      security/integrity/built-in.a
  CC      security/commoncap.o
  CC      kernel/time/namespace.o
  AR      fs/configfs/built-in.a
  CC      fs/devpts/inode.o
  CC      security/lsm_syscalls.o
  AR      kernel/time/built-in.a
  CC      kernel/futex/core.o
  AR      fs/devpts/built-in.a
  CC      fs/ext4/balloc.o
  CC      mm/swap_slots.o
  CC      security/min_addr.o
  CC      kernel/futex/syscalls.o
  CC      mm/dmapool.o
  CC      fs/ext4/bitmap.o
  CC      security/security.o
  CC      kernel/futex/pi.o
  CC      fs/ext4/block_validity.o
  CC      mm/sparse.o
  CC      kernel/futex/requeue.o
  CC      fs/ext4/dir.o
  CC      kernel/futex/waitwake.o
  CC      mm/sparse-vmemmap.o
  CC      fs/ext4/ext4_jbd2.o
  AR      kernel/futex/built-in.a
  CC      kernel/cgroup/cgroup.o
  CC      mm/migrate.o
  CC      security/lsm_audit.o
  CC      fs/ext4/extents.o
  CC      security/device_cgroup.o
  CC      mm/page_counter.o
  CC      mm/memcontrol.o
  CC      kernel/cgroup/rstat.o
  CC      fs/ext4/extents_status.o
  AR      security/built-in.a
  CC      fs/jbd2/transaction.o
  CC      kernel/cgroup/namespace.o
  CC      fs/ext4/file.o
  CC      fs/jbd2/commit.o
  CC      mm/vmpressure.o
  CC      kernel/cgroup/cgroup-v1.o
  CC      fs/ext4/fsmap.o
  CC      mm/swap_cgroup.o
  CC      fs/jbd2/recovery.o
  CC      fs/ext4/fsync.o
  CC      kernel/cgroup/freezer.o
  CC      mm/page_isolation.o
  CC      fs/ext4/hash.o
  CC      fs/jbd2/checkpoint.o
  CC      kernel/cgroup/legacy_freezer.o
  CC      mm/zsmalloc.o
  CC      fs/ext4/ialloc.o
  CC      fs/jbd2/revoke.o
  CC      kernel/cgroup/cpuset.o
  CC      fs/jbd2/journal.o
  CC      fs/ext4/indirect.o
  CC      mm/early_ioremap.o
  AR      kernel/cgroup/built-in.a
  CC      mm/cma.o
  CC      fs/ext4/inline.o
  AR      kernel/bpf/preload/built-in.a
  CC [M]  kernel/bpf/preload/bpf_preload_kern.o
  AR      fs/jbd2/built-in.a
  CC      kernel/bpf/core.o
  CC      mm/secretmem.o
  LD [M]  kernel/bpf/preload/bpf_preload.o
  CC      crypto/asymmetric_keys/asymmetric_type.o
  CC      fs/ext4/inode.o
  CC      mm/userfaultfd.o
  CC      crypto/asymmetric_keys/restrict.o
  CC      kernel/bpf/syscall.o
  CC      crypto/asymmetric_keys/signature.o
  CC      fs/ext4/ioctl.o
  CC      mm/usercopy.o
  CC      crypto/asymmetric_keys/public_key.o
  ASN.1   crypto/asymmetric_keys/x509.asn1.[ch]
  ASN.1   crypto/asymmetric_keys/x509_akid.asn1.[ch]
  CC      crypto/asymmetric_keys/x509_loader.o
  CC      mm/memfd.o
  CC      fs/ext4/mballoc.o
  CC      crypto/asymmetric_keys/x509_public_key.o
  ASN.1   crypto/asymmetric_keys/pkcs7.asn1.[ch]
  CC      crypto/asymmetric_keys/pkcs7_trust.o
  CC      kernel/bpf/verifier.o
  CC      mm/ioremap.o
  CC      crypto/asymmetric_keys/pkcs7_verify.o
  CC      mm/execmem.o
  CC      crypto/asymmetric_keys/x509.asn1.o
  CC      crypto/asymmetric_keys/x509_akid.asn1.o
  CC      crypto/asymmetric_keys/x509_cert_parser.o
  CC      fs/ext4/migrate.o
  AR      mm/built-in.a
  CC      fs/ramfs/inode.o
  CC      crypto/asymmetric_keys/pkcs7.asn1.o
  CC      crypto/asymmetric_keys/pkcs7_parser.o
  CC      fs/ext4/mmp.o
  CC      fs/ramfs/file-mmu.o
  AR      crypto/asymmetric_keys/built-in.a
  CC      crypto/api.o
  CC      fs/ext4/move_extent.o
  AR      fs/ramfs/built-in.a
  CC      block/partitions/core.o
  CC      crypto/cipher.o
  CC      fs/ext4/namei.o
  CC      block/partitions/msdos.o
  CC      kernel/bpf/inode.o
  CC      crypto/compress.o
  CC      block/partitions/efi.o
  CC      fs/ext4/page-io.o
  CC      crypto/algapi.o
  CC      kernel/bpf/helpers.o
  AR      block/partitions/built-in.a
  CC      block/bdev.o
  CC      fs/ext4/readpage.o
  CC      crypto/scatterwalk.o
  CC      fs/ext4/resize.o
  CC      block/fops.o
  CC      crypto/proc.o
  CC      kernel/bpf/tnum.o
  CC      kernel/bpf/log.o
  CC      fs/ext4/super.o
  CC      block/bio.o
  CC      crypto/aead.o
  CC      kernel/bpf/token.o
  CC      block/elevator.o
  CC      crypto/geniv.o
  CC      fs/ext4/symlink.o
  CC      kernel/bpf/bpf_iter.o
  CC      fs/ext4/sysfs.o
  CC      block/blk-core.o
  CC      crypto/lskcipher.o
  CC      kernel/bpf/map_iter.o
  CC      fs/ext4/xattr.o
  CC      kernel/bpf/task_iter.o
  CC      crypto/skcipher.o
  CC      block/blk-sysfs.o
  CC      fs/ext4/xattr_hurd.o
  CC      block/blk-flush.o
  CC      kernel/bpf/prog_iter.o
  CC      fs/ext4/xattr_trusted.o
  CC      crypto/bpf_crypto_skcipher.o
  CC      fs/ext4/xattr_user.o
  CC      crypto/seqiv.o
  CC      kernel/bpf/link_iter.o
  CC      block/blk-settings.o
  CC      crypto/echainiv.o
  CC      fs/ext4/fast_commit.o
  CC      kernel/bpf/hashtab.o
  CC      block/blk-ioc.o
  CC      crypto/ahash.o
  CC      fs/ext4/orphan.o
  CC      kernel/bpf/arraymap.o
  CC      block/blk-map.o
  CC      fs/ext4/acl.o
  CC      crypto/shash.o
  CC      fs/ext4/xattr_security.o
  CC      kernel/bpf/percpu_freelist.o
  CC      block/blk-merge.o
  CC      kernel/bpf/bpf_lru_list.o
  CC      crypto/akcipher.o
  CC      kernel/bpf/lpm_trie.o
  CC      fs/ext4/verity.o
  CC      block/blk-timeout.o
  CC      fs/ext4/crypto.o
  CC      kernel/bpf/map_in_map.o
  CC      crypto/sig.o
  AR      fs/ext4/built-in.a
  CC      fs/fat/cache.o
  CC      kernel/bpf/bloom_filter.o
  CC      block/blk-lib.o
  CC      crypto/kpp.o
  CC      fs/fat/dir.o
  CC      kernel/bpf/local_storage.o
  CC      block/blk-mq.o
  ASN.1   crypto/rsapubkey.asn1.[ch]
  ASN.1   crypto/rsaprivkey.asn1.[ch]
  CC      crypto/rsa.o
  CC      kernel/bpf/queue_stack_maps.o
  CC      fs/fat/fatent.o
  CC      crypto/rsa_helper.o
  CC      crypto/rsa-pkcs1pad.o
  CC      kernel/bpf/ringbuf.o
  CC      crypto/acompress.o
  CC      block/blk-mq-tag.o
  CC      fs/fat/file.o
  CC      kernel/bpf/bpf_local_storage.o
  CC      block/blk-stat.o
  CC      crypto/scompress.o
  CC      fs/fat/inode.o
  CC      kernel/bpf/bpf_task_storage.o
  CC      block/blk-mq-sysfs.o
  CC      kernel/bpf/disasm.o
  CC      crypto/algboss.o
  CC      fs/fat/misc.o
  CC      block/blk-mq-cpumap.o
  CC      kernel/bpf/mprog.o
  CC      crypto/testmgr.o
  CC      fs/fat/nfs.o
  CC      kernel/bpf/trampoline.o
  CC      block/blk-mq-sched.o
  CC      crypto/cmac.o
  CC      fs/fat/namei_vfat.o
  CC      crypto/hmac.o
  CC      kernel/bpf/btf.o
  CC      block/ioctl.o
  CC      crypto/xcbc.o
  AR      fs/fat/built-in.a
  CC      fs/exfat/inode.o
  CC      crypto/crypto_null.o
  CC      fs/exfat/namei.o
  CC      block/genhd.o
  CC      crypto/md5.o
  CC      fs/exfat/dir.o
  CC      crypto/sha1_generic.o
  CC      block/ioprio.o
  CC      kernel/bpf/memalloc.o
  CC      fs/exfat/super.o
  CC      crypto/sha256_generic.o
  CC      block/badblocks.o
  CC      kernel/bpf/arena.o
  CC      fs/exfat/fatent.o
  CC      crypto/sha512_generic.o
  CC      block/blk-rq-qos.o
  CC      kernel/bpf/dispatcher.o
  CC      fs/exfat/cache.o
  CC      block/disk-events.o
  CC      crypto/sha3_generic.o
  CC      fs/exfat/nls.o
  CC      kernel/bpf/devmap.o
  CC      crypto/ecb.o
  CC      block/blk-ia-ranges.o
  CC      crypto/cbc.o
  CC      fs/exfat/misc.o
  CC      crypto/cts.o
  CC      kernel/bpf/cpumap.o
  CC      fs/exfat/file.o
  CC      block/early-lookup.o
  CC      crypto/xts.o
  CC      block/bsg.o
  CC      fs/exfat/balloc.o
  CC      kernel/bpf/offload.o
  CC      crypto/ctr.o
  AR      fs/exfat/built-in.a
  CC      fs/exportfs/expfs.o
  CC      crypto/gcm.o
  CC      block/blk-cgroup.o
  AR      fs/exportfs/built-in.a
  CC      fs/nls/nls_base.o
  CC      kernel/bpf/net_namespace.o
  CC      crypto/ccm.o
  CC      fs/nls/nls_cp437.o
  CC      block/blk-cgroup-rwstat.o
  CC      crypto/chacha20poly1305.o
  CC      kernel/bpf/tcx.o
  CC      fs/nls/nls_iso8859-1.o
  AR      fs/nls/built-in.a
  CC      fs/unicode/utf8-norm.o
  CC      crypto/twofish_generic.o
  CC      block/mq-deadline.o
  CC      kernel/bpf/stackmap.o
  CC      fs/unicode/utf8-core.o
  CC      crypto/twofish_common.o
  CC      block/kyber-iosched.o
  COPY    fs/unicode/utf8data.c
  CC      fs/unicode/utf8data.o
  CC      kernel/bpf/cgroup_iter.o
  CC      crypto/aes_generic.o
  CC      block/bfq-iosched.o
  AR      fs/unicode/built-in.a
  CC      fs/fuse/dev.o
  CC      kernel/bpf/bpf_cgrp_storage.o
  CC      crypto/chacha_generic.o
  CC      crypto/poly1305_generic.o
  CC      kernel/bpf/cgroup.o
  CC      crypto/deflate.o
  CC      block/bfq-wf2q.o
  CC      fs/fuse/dir.o
  CC      crypto/crc32c_generic.o
  CC      block/bfq-cgroup.o
  CC      crypto/crc32_generic.o
  CC      fs/fuse/file.o
  CC      kernel/bpf/reuseport_array.o
  CC      crypto/authenc.o
  CC      block/blk-mq-pci.o
  CC      kernel/bpf/bpf_struct_ops.o
  CC      block/blk-wbt.o
  CC      crypto/authencesn.o
  CC      fs/fuse/inode.o
  CC      kernel/bpf/cpumask.o
  CC      crypto/lzo.o
  CC      block/blk-pm.o
  CC      fs/fuse/control.o
  CC      kernel/bpf/crypto.o
  CC      crypto/lzo-rle.o
  CC      block/blk-crypto.o
  CC      crypto/lz4.o
  CC      fs/fuse/xattr.o
  CC      crypto/lz4hc.o
  CC      kernel/bpf/relo_core.o
  CC      fs/fuse/acl.o
  CC      block/blk-crypto-profile.o
  CC      crypto/842.o
  CC      fs/fuse/readdir.o
  CC      crypto/rng.o
  CC      kernel/bpf/btf_iter.o
  CC      block/blk-crypto-sysfs.o
  CC      fs/fuse/ioctl.o
  CC      kernel/bpf/btf_relocate.o
  CC      block/blk-crypto-fallback.o
  CC      crypto/ansi_cprng.o
  CC      crypto/drbg.o
  CC      fs/fuse/iomode.o
  AR      kernel/bpf/built-in.a
  CC      kernel/events/core.o
  CC      block/holder.o
  CC      fs/fuse/passthrough.o
  CC      crypto/jitterentropy.o
  CC      crypto/jitterentropy-kcapi.o
  AR      block/built-in.a
  CC      kernel/events/ring_buffer.o
  CC      crypto/ghash-generic.o
  AR      fs/fuse/built-in.a
  CC      fs/overlayfs/super.o
  CC      crypto/zstd.o
  CC      fs/overlayfs/namei.o
  CC      kernel/fork.o
  CC      crypto/ecc.o
  CC      fs/overlayfs/util.o
  CC      kernel/events/callchain.o
  CC      fs/overlayfs/inode.o
  CC      crypto/essiv.o
  CC      kernel/events/hw_breakpoint.o
  AR      fs/hostfs/built-in.a
  CC      io_uring/io_uring.o
  CC      crypto/ecdh.o
  CC      fs/overlayfs/file.o
  CC      crypto/ecdh_helper.o
  AR      kernel/events/built-in.a
  CC      kernel/exec_domain.o
  CC      fs/overlayfs/dir.o
  CC      crypto/hash_info.o
  CC      crypto/rsapubkey.asn1.o
  CC      io_uring/opdef.o
  CC      crypto/rsaprivkey.asn1.o
  AR      crypto/built-in.a
  CC      fs/f2fs/dir.o
  CC      kernel/panic.o
  CC      fs/overlayfs/readdir.o
  CC      io_uring/kbuf.o
  CC      fs/f2fs/file.o
  CC      kernel/cpu.o
  CC      fs/overlayfs/copy_up.o
  CC      io_uring/rsrc.o
  CC      fs/overlayfs/export.o
  CC      io_uring/notif.o
  CC      kernel/exit.o
  CC      fs/f2fs/inode.o
  CC      fs/overlayfs/params.o
  CC      io_uring/tctx.o
  CC      fs/overlayfs/xattrs.o
  CC      fs/f2fs/namei.o
  CC      kernel/softirq.o
  CC      io_uring/filetable.o
  AR      fs/overlayfs/built-in.a
  AS      arch/arm64/lib/clear_page.o
  AS      arch/arm64/lib/clear_user.o
  CC      fs/f2fs/hash.o
  AS      arch/arm64/lib/copy_from_user.o
  CC      io_uring/rw.o
  AS      arch/arm64/lib/copy_page.o
  CC      kernel/resource.o
  AS      arch/arm64/lib/copy_to_user.o
  CC      fs/f2fs/super.o
  CC      arch/arm64/lib/csum.o
  CC      io_uring/net.o
  CC      arch/arm64/lib/delay.o
  CC      kernel/sysctl.o
  CC      arch/arm64/lib/insn.o
  CC      io_uring/poll.o
  CC      fs/f2fs/inline.o
  AS      arch/arm64/lib/memchr.o
  AS      arch/arm64/lib/memcmp.o
  AS      arch/arm64/lib/memcpy.o
  AS      arch/arm64/lib/memset.o
  CC      fs/f2fs/checkpoint.o
  CC      io_uring/eventfd.o
  CC      kernel/capability.o
  AS      arch/arm64/lib/strchr.o
  AS      arch/arm64/lib/strcmp.o
  AS      arch/arm64/lib/strlen.o
  CC      io_uring/uring_cmd.o
  AS      arch/arm64/lib/strncmp.o
  CC      fs/f2fs/gc.o
  AS      arch/arm64/lib/strnlen.o
  CC      kernel/ptrace.o
  AS      arch/arm64/lib/strrchr.o
  AS      arch/arm64/lib/tishift.o
  AS      arch/arm64/lib/crc32.o
  CC      io_uring/openclose.o
  AS      arch/arm64/lib/mte.o
  AR      arch/arm64/lib/lib.a
  AR      arch/arm64/lib/built-in.a
  CC      fs/pstore/inode.o
  CC      fs/f2fs/data.o
  CC      kernel/user.o
  CC      io_uring/sqpoll.o
  CC      fs/pstore/platform.o
  CC      kernel/signal.o
  CC      fs/pstore/pmsg.o
  CC      io_uring/xattr.o
  CC      fs/f2fs/node.o
  CC      fs/pstore/ram.o
  CC      io_uring/nop.o
  CC      fs/pstore/ram_core.o
  CC      kernel/sys.o
  CC      io_uring/fs.o
  CC      fs/f2fs/segment.o
  AR      fs/pstore/built-in.a
  CC      lib/math/div64.o
  CC      lib/math/gcd.o
  CC      lib/math/lcm.o
  CC      lib/math/int_log.o
  CC      io_uring/splice.o
  CC      lib/math/int_pow.o
  CC      lib/math/int_sqrt.o
  CC      lib/math/reciprocal_div.o
  CC      kernel/umh.o
  CC      lib/math/rational.o
  CC      io_uring/sync.o
  CC      fs/f2fs/recovery.o
  AR      lib/math/built-in.a
  CC      lib/crypto/mpi/generic_mpih-lshift.o
  CC      io_uring/msg_ring.o
  CC      kernel/workqueue.o
  CC      lib/crypto/mpi/generic_mpih-mul1.o
  CC      io_uring/advise.o
  CC      fs/f2fs/shrinker.o
  CC      lib/crypto/mpi/generic_mpih-mul2.o
  CC      io_uring/epoll.o
  CC      fs/f2fs/extent_cache.o
  CC      lib/crypto/mpi/generic_mpih-mul3.o
  CC      kernel/pid.o
  CC      io_uring/statx.o
  CC      lib/crypto/mpi/generic_mpih-rshift.o
  CC      fs/f2fs/sysfs.o
  CC      lib/crypto/mpi/generic_mpih-sub1.o
  CC      io_uring/timeout.o
  CC      lib/crypto/mpi/generic_mpih-add1.o
  CC      fs/f2fs/debug.o
  CC      kernel/task_work.o
  CC      io_uring/fdinfo.o
  CC      lib/crypto/mpi/mpicoder.o
  CC      fs/f2fs/xattr.o
  CC      kernel/extable.o
  CC      io_uring/cancel.o
  CC      lib/crypto/mpi/mpi-add.o
  CC      io_uring/waitid.o
  CC      kernel/params.o
  CC      fs/f2fs/acl.o
  CC      lib/crypto/mpi/mpi-bit.o
  CC      io_uring/register.o
  CC      fs/f2fs/verity.o
  CC      kernel/kthread.o
  CC      lib/crypto/mpi/mpi-cmp.o
  CC      fs/f2fs/compress.o
  CC      io_uring/truncate.o
  CC      lib/crypto/mpi/mpi-sub-ui.o
  CC      kernel/sys_ni.o
  CC      io_uring/memmap.o
  CC      kernel/nsproxy.o
  CC      fs/f2fs/iostat.o
  CC      lib/crypto/mpi/mpi-div.o
  CC      io_uring/io-wq.o
  CC      kernel/notifier.o
  AR      fs/f2fs/built-in.a
  CC      fs/erofs/super.o
  CC      lib/crypto/mpi/mpi-mod.o
  CC      io_uring/futex.o
  CC      lib/crypto/mpi/mpi-mul.o
  CC      fs/erofs/inode.o
  CC      kernel/ksysfs.o
  CC      io_uring/napi.o
  CC      fs/erofs/data.o
  CC      lib/crypto/mpi/mpih-cmp.o
  CC      kernel/cred.o
  CC      lib/crypto/mpi/mpih-div.o
  CC      fs/erofs/namei.o
  AR      io_uring/built-in.a
  CC      lib/842/842_compress.o
  CC      lib/crypto/mpi/mpih-mul.o
  CC      kernel/reboot.o
  CC      fs/erofs/dir.o
  CC      lib/842/842_decompress.o
  CC      lib/crypto/mpi/mpi-pow.o
  CC      fs/erofs/sysfs.o
  AR      lib/842/built-in.a
  CC      fs/open.o
  CC      kernel/async.o
  CC      fs/erofs/xattr.o
  CC      lib/crypto/mpi/mpiutil.o
  CC      kernel/range.o
  CC      kernel/smpboot.o
  CC      fs/erofs/decompressor.o
  AR      lib/crypto/mpi/built-in.a
  CC      lib/crypto/memneq.o
  AR      drivers/cache/built-in.a
  CC      drivers/irqchip/irqchip.o
  CC      kernel/ucount.o
  CC      fs/erofs/zmap.o
  CC      lib/crypto/utils.o
  CC      kernel/regset.o
  CC      drivers/irqchip/irq-gic.o
  CC      lib/crypto/chacha.o
  CC      fs/erofs/zdata.o
  CC      kernel/ksyms_common.o
  CC      lib/crypto/libchacha.o
  CC      drivers/irqchip/irq-gic-common.o
  CC      kernel/usermode_driver.o
  CC      lib/crypto/aes.o
  CC      drivers/irqchip/irq-msi-lib.o
  CC      fs/erofs/zutil.o
  CC      lib/crypto/arc4.o
  CC      drivers/irqchip/irq-gic-v2m.o
  CC      fs/erofs/fileio.o
  CC      kernel/groups.o
  CC      lib/crypto/gf128mul.o
  CC      drivers/irqchip/irq-gic-v3.o
  AR      fs/erofs/built-in.a
  CC      fs/read_write.o
  CC      kernel/kcmp.o
  CC      lib/crypto/blake2s.o
  CC      drivers/irqchip/irq-gic-v3-mbi.o
  CC      lib/crypto/blake2s-generic.o
  CC      kernel/freezer.o
  CC      fs/file_table.o
  CC      drivers/irqchip/irq-gic-v3-its.o
  CC      lib/crypto/chacha20poly1305.o
  CC      kernel/profile.o
  CC      lib/crypto/curve25519-hacl64.o
  CC      fs/super.o
  CC      drivers/irqchip/irq-gic-v4.o
  CC      kernel/stacktrace.o
  CC      drivers/irqchip/irq-gic-v3-its-msi-parent.o
  CC      lib/crypto/curve25519-generic.o
  CC      fs/char_dev.o
  CC      drivers/irqchip/irq-partition-percpu.o
  CC      kernel/smp.o
  CC      lib/crypto/curve25519.o
  CC      drivers/irqchip/qcom-pdc.o
  CC      lib/crypto/poly1305-donna64.o
  CC      fs/stat.o
  CC      kernel/uid16.o
  AR      drivers/irqchip/built-in.a
  CC      drivers/bus/mhi/host/init.o
  CC      lib/crypto/poly1305.o
  CC      kernel/module_signature.o
  CC      kernel/kallsyms.o
  CC      lib/crypto/sha1.o
  CC      fs/exec.o
  CC      drivers/bus/mhi/host/main.o
  CC      lib/crypto/sha256.o
  CC      kernel/compat.o
  AR      lib/crypto/built-in.a
  CC      lib/zlib_inflate/inffast.o
  CC      fs/pipe.o
  CC      lib/zlib_inflate/inflate.o
  CC      drivers/bus/mhi/host/pm.o
  CC      lib/zlib_inflate/infutil.o
  CC      lib/zlib_inflate/inftrees.o
  CC      kernel/utsname.o
  CC      lib/zlib_inflate/inflate_syms.o
  UPD     kernel/config_data
  CHK     kernel/kheaders_data.tar.xz
  CC      fs/namei.o
  CC      drivers/bus/mhi/host/boot.o
  GEN     kernel/kheaders_data.tar.xz
  AR      lib/zlib_inflate/built-in.a
  CC      lib/zlib_deflate/deflate.o
  CC      lib/zlib_deflate/deftree.o
  AR      drivers/bus/mhi/host/built-in.a
  AR      drivers/bus/mhi/built-in.a
  CC      drivers/bus/qcom-ebi2.o
  CC      lib/zlib_deflate/deflate_syms.o
  CC      drivers/bus/simple-pm-bus.o
  CC      fs/fcntl.o
  AR      lib/zlib_deflate/built-in.a
  CC      lib/reed_solomon/reed_solomon.o
  AR      drivers/bus/built-in.a
  AR      drivers/pinctrl/actions/built-in.a
  AR      drivers/pinctrl/bcm/built-in.a
  AR      drivers/pinctrl/cirrus/built-in.a
  AR      drivers/pinctrl/freescale/built-in.a
  AR      drivers/pinctrl/mediatek/built-in.a
  AR      drivers/pinctrl/mvebu/built-in.a
  AR      drivers/pinctrl/nomadik/built-in.a
  AR      drivers/pinctrl/nuvoton/built-in.a
  AR      drivers/pinctrl/nxp/built-in.a
  CC      drivers/pinctrl/qcom/pinctrl-spmi-gpio.o
  AR      lib/reed_solomon/built-in.a
  CC      lib/lzo/lzo1x_compress.o
  CC      fs/ioctl.o
  CC      drivers/pinctrl/qcom/pinctrl-spmi-mpp.o
  CC      lib/lzo/lzo1x_decompress_safe.o
  AR      drivers/pinctrl/qcom/built-in.a
  AR      drivers/pinctrl/sophgo/built-in.a
  AR      drivers/pinctrl/sprd/built-in.a
  AR      drivers/pinctrl/sunplus/built-in.a
  AR      drivers/pinctrl/ti/built-in.a
  CC      drivers/pinctrl/core.o
  AR      lib/lzo/built-in.a
  CC      lib/lz4/lz4_compress.o
  CC      fs/readdir.o
  CC      drivers/pinctrl/pinctrl-utils.o
  CC      lib/lz4/lz4hc_compress.o
  CC      fs/select.o
  CC      drivers/pinctrl/pinmux.o
  CC      lib/lz4/lz4_decompress.o
  CC      drivers/pinctrl/pinconf.o
  AR      lib/lz4/built-in.a
  CC      lib/zstd/zstd_compress_module.o
  CC      drivers/pinctrl/pinconf-generic.o
  CC      lib/zstd/compress/fse_compress.o
  CC      fs/dcache.o
  CC      lib/zstd/compress/hist.o
  CC      drivers/pinctrl/devicetree.o
  CC      lib/zstd/compress/huf_compress.o
  CC      lib/zstd/compress/zstd_compress.o
  CC      drivers/pinctrl/pinctrl-sx150x.o
  CC      lib/zstd/compress/zstd_compress_literals.o
  CC      lib/zstd/compress/zstd_compress_sequences.o
  CC      lib/zstd/compress/zstd_compress_superblock.o
  CC      fs/inode.o
  CC      lib/zstd/compress/zstd_double_fast.o
  AR      drivers/pinctrl/built-in.a
  CC      drivers/gpio/gpiolib.o
  CC      lib/zstd/compress/zstd_fast.o
  CC      lib/zstd/compress/zstd_lazy.o
  CC      fs/attr.o
  CC      drivers/gpio/gpiolib-devres.o
  CC      drivers/gpio/gpiolib-legacy.o
  CC      fs/bad_inode.o
  CC      lib/zstd/compress/zstd_ldm.o
  CC      fs/file.o
  CC      drivers/gpio/gpiolib-of.o
  CC      lib/zstd/compress/zstd_opt.o
  CC      kernel/stop_machine.o
  CC      lib/zstd/zstd_decompress_module.o
  CC      drivers/gpio/gpiolib-cdev.o
  CC      fs/filesystems.o
  CC      lib/zstd/decompress/huf_decompress.o
  CC      kernel/audit.o
  CC      lib/zstd/decompress/zstd_ddict.o
  CC      lib/zstd/decompress/zstd_decompress.o
  CC      drivers/gpio/gpiolib-swnode.o
  CC      lib/zstd/decompress/zstd_decompress_block.o
  CC      fs/namespace.o
  AR      drivers/gpio/built-in.a
  CC      drivers/pwm/core.o
  CC      lib/zstd/zstd_common_module.o
  CC      kernel/auditfilter.o
  AR      drivers/pwm/built-in.a
  CC      drivers/leds/trigger/ledtrig-timer.o
  CC      lib/zstd/common/debug.o
  CC      lib/zstd/common/entropy_common.o
  CC      lib/zstd/common/error_private.o
  CC      lib/zstd/common/fse_decompress.o
  CC      lib/zstd/common/zstd_common.o
  AR      lib/zstd/built-in.a
  CC      lib/dim/dim.o
  AR      drivers/leds/trigger/built-in.a
  AR      drivers/leds/blink/built-in.a
  AR      drivers/leds/simple/built-in.a
  CC      drivers/leds/led-core.o
  CC      kernel/auditsc.o
  CC      fs/seq_file.o
/home/runner/work/Kernel-Xiaomi-Umi-6.2/Kernel-Xiaomi-Umi-6.2/target/drivers/leds/led-core.c:29:38: error: use of undeclared identifier 'LED_COLOR_ID_MAX'
   29 | static const char * const led_colors[LED_COLOR_ID_MAX] = {
      |                                      ^
/home/runner/work/Kernel-Xiaomi-Umi-6.2/Kernel-Xiaomi-Umi-6.2/target/drivers/leds/led-core.c:30:3: error: use of undeclared identifier 'LED_COLOR_ID_WHITE'
   30 |         [LED_COLOR_ID_WHITE] = "white",
      |          ^
/home/runner/work/Kernel-Xiaomi-Umi-6.2/Kernel-Xiaomi-Umi-6.2/target/drivers/leds/led-core.c:31:3: error: use of undeclared identifier 'LED_COLOR_ID_RED'
   31 |         [LED_COLOR_ID_RED] = "red",
      |          ^
/home/runner/work/Kernel-Xiaomi-Umi-6.2/Kernel-Xiaomi-Umi-6.2/target/drivers/leds/led-core.c:32:3: error: use of undeclared identifier 'LED_COLOR_ID_GREEN'
   32 |         [LED_COLOR_ID_GREEN] = "green",
      |          ^
/home/runner/work/Kernel-Xiaomi-Umi-6.2/Kernel-Xiaomi-Umi-6.2/target/drivers/leds/led-core.c:33:3: error: use of undeclared identifier 'LED_COLOR_ID_BLUE'
   33 |         [LED_COLOR_ID_BLUE] = "blue",
      |          ^
/home/runner/work/Kernel-Xiaomi-Umi-6.2/Kernel-Xiaomi-Umi-6.2/target/drivers/leds/led-core.c:34:3: error: use of undeclared identifier 'LED_COLOR_ID_AMBER'
   34 |         [LED_COLOR_ID_AMBER] = "amber",
      |          ^
/home/runner/work/Kernel-Xiaomi-Umi-6.2/Kernel-Xiaomi-Umi-6.2/target/drivers/leds/led-core.c:35:3: error: use of undeclared identifier 'LED_COLOR_ID_VIOLET'
   35 |         [LED_COLOR_ID_VIOLET] = "violet",
      |          ^
/home/runner/work/Kernel-Xiaomi-Umi-6.2/Kernel-Xiaomi-Umi-6.2/target/drivers/leds/led-core.c:36:3: error: use of undeclared identifier 'LED_COLOR_ID_YELLOW'
   36 |         [LED_COLOR_ID_YELLOW] = "yellow",
      |          ^
/home/runner/work/Kernel-Xiaomi-Umi-6.2/Kernel-Xiaomi-Umi-6.2/target/drivers/leds/led-core.c:37:3: error: use of undeclared identifier 'LED_COLOR_ID_IR'
   37 |         [LED_COLOR_ID_IR] = "ir",
      |          ^
/home/runner/work/Kernel-Xiaomi-Umi-6.2/Kernel-Xiaomi-Umi-6.2/target/drivers/leds/led-core.c:38:3: error: use of undeclared identifier 'LED_COLOR_ID_MULTI'
   38 |         [LED_COLOR_ID_MULTI] = "multicolor",
      |          ^
/home/runner/work/Kernel-Xiaomi-Umi-6.2/Kernel-Xiaomi-Umi-6.2/target/drivers/leds/led-core.c:39:3: error: use of undeclared identifier 'LED_COLOR_ID_RGB'
   39 |         [LED_COLOR_ID_RGB] = "rgb",
      |          ^
/home/runner/work/Kernel-Xiaomi-Umi-6.2/Kernel-Xiaomi-Umi-6.2/target/drivers/leds/led-core.c:40:3: error: use of undeclared identifier 'LED_COLOR_ID_PURPLE'
   40 |         [LED_COLOR_ID_PURPLE] = "purple",
      |          ^
/home/runner/work/Kernel-Xiaomi-Umi-6.2/Kernel-Xiaomi-Umi-6.2/target/drivers/leds/led-core.c:41:3: error: use of undeclared identifier 'LED_COLOR_ID_ORANGE'
   41 |         [LED_COLOR_ID_ORANGE] = "orange",
      |          ^
/home/runner/work/Kernel-Xiaomi-Umi-6.2/Kernel-Xiaomi-Umi-6.2/target/drivers/leds/led-core.c:42:3: error: use of undeclared identifier 'LED_COLOR_ID_PINK'
   42 |         [LED_COLOR_ID_PINK] = "pink",
      |          ^
/home/runner/work/Kernel-Xiaomi-Umi-6.2/Kernel-Xiaomi-Umi-6.2/target/drivers/leds/led-core.c:43:3: error: use of undeclared identifier 'LED_COLOR_ID_CYAN'
   43 |         [LED_COLOR_ID_CYAN] = "cyan",
      |          ^
/home/runner/work/Kernel-Xiaomi-Umi-6.2/Kernel-Xiaomi-Umi-6.2/target/drivers/leds/led-core.c:44:3: error: use of undeclared identifier 'LED_COLOR_ID_LIME'
   44 |         [LED_COLOR_ID_LIME] = "lime",
      |          ^
/home/runner/work/Kernel-Xiaomi-Umi-6.2/Kernel-Xiaomi-Umi-6.2/target/drivers/leds/led-core.c:481:28: error: use of undeclared identifier 'LED_COLOR_ID_MAX'
  481 |                 else if (props->color >= LED_COLOR_ID_MAX)
      |                                          ^
17 errors generated.
make[5]: *** [/home/runner/work/Kernel-Xiaomi-Umi-6.2/Kernel-Xiaomi-Umi-6.2/target/scripts/Makefile.build:229: drivers/leds/led-core.o] Error 1
make[4]: *** [/home/runner/work/Kernel-Xiaomi-Umi-6.2/Kernel-Xiaomi-Umi-6.2/target/scripts/Makefile.build:478: drivers/leds] Error 2
make[3]: *** [/home/runner/work/Kernel-Xiaomi-Umi-6.2/Kernel-Xiaomi-Umi-6.2/target/scripts/Makefile.build:478: drivers] Error 2
  CC      lib/dim/net_dim.o
make[3]: *** Waiting for unfinished jobs....
  CC      lib/fonts/fonts.o
  CC      lib/fonts/font_8x8.o
  CC      lib/fonts/font_8x16.o
  CC      fs/xattr.o
  CC      kernel/audit_watch.o
  CC      lib/dim/rdma_dim.o
  AR      lib/fonts/built-in.a
  CC      fs/libfs.o
  AR      lib/dim/built-in.a
  CC      lib/argv_split.o
  CC      kernel/audit_fsnotify.o
  CC      fs/fs-writeback.o
  CC      lib/bug.o
  CC      kernel/audit_tree.o
  CC      fs/pnode.o
  CC      lib/buildid.o
  CC      kernel/seccomp.o
  CC      fs/splice.o
  CC      lib/clz_tab.o
  CC      fs/sync.o
  CC      lib/cmdline.o
  CC      lib/cpumask.o
  CC      kernel/utsname_sysctl.o
  CC      lib/ctype.o
  CC      kernel/taskstats.o
  CC      lib/dec_and_lock.o
  CC      kernel/tsacct.o
  CC      fs/utimes.o
  CC      lib/decompress.o
  CC      lib/decompress_bunzip2.o
  CC      kernel/irq_work.o
  CC      fs/d_path.o
  CC      lib/decompress_inflate.o
  CC      kernel/cpu_pm.o
  CC      lib/decompress_unlzma.o
  CC      fs/stack.o
  CC      kernel/jump_label.o
  CC      lib/decompress_unzstd.o
  CC      kernel/context_tracking.o
  CC      fs/fs_struct.o
  CC      lib/dump_stack.o
  CC      fs/statfs.o
  CC      lib/earlycpio.o
  CC      kernel/iomem.o
  CC      fs/fs_pin.o
  CC      lib/extable.o
  CC      kernel/rseq.o
  CC      fs/nsfs.o
  CC      lib/fdt.o
  CC      fs/fs_types.o
  CC      lib/fdt_addresses.o
  CC      lib/fdt_empty_tree.o
  CC      lib/fdt_ro.o
  CC      lib/fdt_rw.o
  GZIP    kernel/config_data.gz
  CC      kernel/kheaders.o
  CC      lib/fdt_strerror.o
  CC      lib/fdt_sw.o
  CC      lib/fdt_wip.o
  CC      fs/fs_context.o
  CC      lib/flex_proportions.o
  CC      kernel/configs.o
  CC      fs/fs_parser.o
  CC      lib/idr.o
  AR      kernel/built-in.a
  CC      lib/irq_regs.o
  CC      fs/fsopen.o
  CC      lib/is_single_threaded.o
  CC      fs/init.o
  CC      lib/klist.o
  CC      fs/kernel_read_file.o
  CC      lib/kobject.o
  CC      fs/mnt_idmapping.o
  CC      lib/kobject_uevent.o
  CC      fs/remap_range.o
  CC      lib/logic_pio.o
  CC      lib/maple_tree.o
  CC      fs/pidfs.o
  CC      fs/buffer.o
  CC      lib/memcat_p.o
  CC      lib/nmi_backtrace.o
  CC      fs/mpage.o
  CC      fs/proc_namespace.o
  CC      lib/objpool.o
  CC      lib/plist.o
  CC      fs/direct-io.o
  CC      lib/radix-tree.o
  CC      fs/eventpoll.o
  CC      lib/ratelimit.o
  CC      fs/anon_inodes.o
  CC      lib/rbtree.o
  CC      fs/signalfd.o
  CC      lib/seq_buf.o
  CC      fs/timerfd.o
  CC      lib/siphash.o
  CC      lib/string.o
  CC      fs/eventfd.o
  CC      lib/timerqueue.o
  CC      fs/userfaultfd.o
  CC      fs/aio.o
  CC      lib/union_find.o
  CC      lib/vsprintf.o
  CC      fs/locks.o
  CC      lib/win_minmax.o
  CC      lib/xarray.o
  CC      lib/lockref.o
  CC      fs/binfmt_script.o
  CC      lib/bcd.o
  CC      fs/binfmt_elf.o
  CC      fs/compat_binfmt_elf.o
  CC      lib/sort.o
  CC      lib/parser.o
  CC      fs/backing-file.o
  CC      lib/debug_locks.o
  CC      fs/mbcache.o
  CC      lib/random32.o
  CC      fs/posix_acl.o
  CC      lib/bust_spinlocks.o
  CC      fs/coredump.o
  CC      lib/kasprintf.o
  CC      fs/drop_caches.o
  CC      lib/bitmap.o
  CC      fs/sysctls.o
  CC      lib/scatterlist.o
  CC      lib/list_sort.o
  CC      fs/fhandle.o
  CC      lib/uuid.o
  CC      lib/iov_iter.o
  CC      lib/clz_ctz.o
  CC      lib/bsearch.o
  AR      fs/built-in.a
  CC      lib/find_bit.o
  CC      lib/llist.o
  CC      lib/lwq.o
  CC      lib/memweight.o
  CC      lib/kfifo.o
  CC      lib/percpu-refcount.o
  CC      lib/rhashtable.o
  CC      lib/base64.o
  CC      lib/once.o
  CC      lib/refcount.o
  CC      lib/rcuref.o
  CC      lib/usercopy.o
  CC      lib/errseq.o
  CC      lib/bucket_locks.o
  CC      lib/generic-radix-tree.o
  CC      lib/bitmap-str.o
  CC      lib/string_helpers.o
  CC      lib/hexdump.o
  CC      lib/kstrtox.o
  CC      lib/iomap_copy.o
  CC      lib/devres.o
  CC      lib/hweight.o
  CC      lib/assoc_array.o
  CC      lib/list_debug.o
  CC      lib/bitrev.o
  CC      lib/linear_ranges.o
  CC      lib/crc16.o
  HOSTCC  lib/gen_crc32table
  CC      lib/libcrc32c.o
  CC      lib/xxhash.o
  CC      lib/genalloc.o
  CC      lib/textsearch.o
  CC      lib/ts_kmp.o
  CC      lib/ts_bm.o
  CC      lib/ts_fsm.o
  CC      lib/percpu_counter.o
  CC      lib/audit.o
  CC      lib/compat_audit.o
  CC      lib/syscall.o
  CC      lib/errname.o
  CC      lib/nlattr.o
  CC      lib/checksum.o
  CC      lib/cpu_rmap.o
  CC      lib/dynamic_queue_limits.o
  CC      lib/glob.o
  CC      lib/strncpy_from_user.o
  CC      lib/strnlen_user.o
  CC      lib/net_utils.o
  CC      lib/sg_pool.o
  CC      lib/stackdepot.o
  CC      lib/asn1_decoder.o
  GEN     lib/oid_registry_data.c
  CC      lib/sbitmap.o
  CC      lib/group_cpus.o
  CC      lib/devmem_is_allowed.o
  AR      lib/lib.a
  GEN     lib/crc32table.h
  CC      lib/oid_registry.o
  CC      lib/crc32.o
  AR      lib/built-in.a
make[2]: *** [/home/runner/work/Kernel-Xiaomi-Umi-6.2/Kernel-Xiaomi-Umi-6.2/target/Makefile:1936: .] Error 2
make[1]: *** [/home/runner/work/Kernel-Xiaomi-Umi-6.2/Kernel-Xiaomi-Umi-6.2/target/Makefile:224: __sub-make] Error 2
make[1]: Leaving directory '/home/runner/work/Kernel-Xiaomi-Umi-6.2/Kernel-Xiaomi-Umi-6.2/out'
make: *** [Makefile:224: __sub-make] Error 2
make: Leaving directory '/home/runner/work/Kernel-Xiaomi-Umi-6.2/Kernel-Xiaomi-Umi-6.2/target'
